[ 2017-05-07T09:22:03+08:00 ] 127.0.0.1 /index.php?s=/Home/Index/index.html
SQL: SHOW COLUMNS FROM `onethink_category` [ RunTime:0.112006s ]
SQL: SELECT `id`,`name`,`title`,`pid`,`sort`,`list_row`,`meta_title`,`keywords`,`description`,`template_index`,`template_lists`,`template_detail`,`template_edit`,`model`,`type`,`link_id`,`allow_publish`,`display`,`reply`,`check`,`reply_model`,`extend`,`create_time`,`update_time`,`status`,`icon` FROM `onethink_category` WHERE ( `status` = 1 ) ORDER BY sort  [ RunTime:0.002000s ]
SQL: SHOW COLUMNS FROM `onethink_document` [ RunTime:0.142008s ]
SQL: SELECT `id`,`uid`,`name`,`title`,`category_id`,`description`,`root`,`pid`,`model_id`,`type`,`position`,`link_id`,`cover_id`,`display`,`deadline`,`attach`,`view`,`comment`,`extend`,`level`,`create_time`,`update_time`,`status` FROM `onethink_document` WHERE ( `status` = 1 ) AND ( `pid` = 0 ) AND ( `create_time` < 1494120122 ) AND ( deadline = 0 OR deadline > 1494120122 ) ORDER BY `id` DESC  [ RunTime:0.214012s ]
INFO: [ view_parse ] --START--
INFO: [ template_filter ] --START--
INFO: Run Behavior\ContentReplace [ RunTime:0.000000s ]
INFO: [ template_filter ] --END-- [ RunTime:0.000000s ]
SQL: SHOW COLUMNS FROM `onethink_channel` [ RunTime:0.083004s ]
SQL: SELECT `id`,`pid`,`title`,`url`,`sort`,`create_time`,`update_time`,`status`,`target` FROM `onethink_channel` WHERE ( status=1 ) ORDER BY sort  [ RunTime:0.048003s ]
SQL: SELECT `id`,`name`,`title`,`pid`,`sort`,`list_row`,`meta_title`,`keywords`,`description`,`template_index`,`template_lists`,`template_detail`,`template_edit`,`model`,`type`,`link_id`,`allow_publish`,`display`,`reply`,`check`,`reply_model`,`extend`,`create_time`,`update_time`,`status`,`icon` FROM `onethink_category` WHERE ( `id` = 1 ) LIMIT 1   [ RunTime:0.002000s ]
SQL: SELECT `id`,`name`,`pid`,`title`,`link_id` FROM `onethink_category` WHERE ( `status` = 1 ) ORDER BY sort  [ RunTime:0.002000s ]
INFO: [ view_parse ] --START--
INFO: [ template_filter ] --START--
INFO: Run Behavior\ContentReplace [ RunTime:0.000000s ]
INFO: [ template_filter ] --END-- [ RunTime:-0.174009s ]
INFO: Run Behavior\ParseTemplate [ RunTime:0.012001s ]
INFO: [ view_parse ] --END-- [ RunTime:0.012001s ]
INFO: [ view_filter ] --START--
INFO: Run Behavior\WriteHtmlCache [ RunTime:0.024001s ]
INFO: [ view_filter ] --END-- [ RunTime:0.024001s ]
SQL: SELECT `id`,`name`,`title`,`pid`,`sort`,`list_row`,`meta_title`,`keywords`,`description`,`template_index`,`template_lists`,`template_detail`,`template_edit`,`model`,`type`,`link_id`,`allow_publish`,`display`,`reply`,`check`,`reply_model`,`extend`,`create_time`,`update_time`,`status`,`icon` FROM `onethink_category` WHERE ( `id` = 1 ) LIMIT 1   [ RunTime:0.002000s ]
SQL: SELECT `id`,`name`,`pid`,`title`,`link_id` FROM `onethink_category` WHERE ( `status` = 1 ) ORDER BY sort  [ RunTime:0.001000s ]
SQL: SELECT `id`,`uid`,`name`,`title`,`category_id`,`description`,`root`,`pid`,`model_id`,`type`,`position`,`link_id`,`cover_id`,`display`,`deadline`,`attach`,`view`,`comment`,`extend`,`level`,`create_time`,`update_time`,`status` FROM `onethink_document` WHERE ( `status` = 1 ) AND ( `pid` = 0 ) AND ( `category_id` = 2 ) AND ( `create_time` < 1494120122 ) AND ( deadline = 0 OR deadline > 1494120122 ) ORDER BY `level` DESC,`id` DESC LIMIT 0,10   [ RunTime:0.002000s ]
INFO: Run Behavior\ParseTemplate [ RunTime:0.080005s ]
INFO: [ view_parse ] --END-- [ RunTime:0.012001s ]
INFO: [ view_filter ] --START--
INFO: Run Behavior\WriteHtmlCache [ RunTime:0.000000s ]
INFO: [ view_filter ] --END-- [ RunTime:-0.044003s ]
INFO: [ app_end ] --START--
INFO: Run Behavior\ShowPageTrace [ RunTime:0.015001s ]
INFO: [ app_end ] --END-- [ RunTime:0.015001s ]

[ 2017-05-07T09:22:08+08:00 ] 127.0.0.1 /index.php?s=/Admin/Public/login.html
INFO: [ view_parse ] --START--
INFO: [ template_filter ] --START--
INFO: Run Behavior\ContentReplace [ RunTime:0.000000s ]
INFO: [ template_filter ] --END-- [ RunTime:0.000000s ]
INFO: Run Behavior\ParseTemplate [ RunTime:0.022001s ]
INFO: [ view_parse ] --END-- [ RunTime:0.023001s ]
INFO: [ view_filter ] --START--
INFO: Run Behavior\WriteHtmlCache [ RunTime:0.000000s ]
INFO: [ view_filter ] --END-- [ RunTime:0.000000s ]
INFO: [ app_end ] --START--
INFO: Run Behavior\ShowPageTrace [ RunTime:0.001001s ]
INFO: [ app_end ] --END-- [ RunTime:0.001001s ]

[ 2017-05-07T09:22:12+08:00 ] 127.0.0.1 /index.php?s=/Home/User/login.html
INFO: [ view_parse ] --START--
INFO: [ template_filter ] --START--
INFO: Run Behavior\ContentReplace [ RunTime:0.000000s ]
INFO: [ template_filter ] --END-- [ RunTime:0.000000s ]
SQL: SHOW COLUMNS FROM `onethink_channel` [ RunTime:0.011000s ]
SQL: SELECT `id`,`pid`,`title`,`url`,`sort`,`create_time`,`update_time`,`status`,`target` FROM `onethink_channel` WHERE ( status=1 ) ORDER BY sort  [ RunTime:0.001001s ]
INFO: Run Behavior\ParseTemplate [ RunTime:0.050003s ]
INFO: [ view_parse ] --END-- [ RunTime:0.050003s ]
INFO: [ view_filter ] --START--
INFO: Run Behavior\WriteHtmlCache [ RunTime:0.001000s ]
INFO: [ view_filter ] --END-- [ RunTime:0.001000s ]
INFO: [ app_end ] --START--
INFO: Run Behavior\ShowPageTrace [ RunTime:0.001000s ]
INFO: [ app_end ] --END-- [ RunTime:0.001000s ]

[ 2017-05-07T09:22:12+08:00 ] 127.0.0.1 /index.php?s=/Home/User/verify.html
INFO: [ app_end ] --START--
INFO: Run Behavior\ShowPageTrace [ RunTime:0.001001s ]
INFO: [ app_end ] --END-- [ RunTime:0.002001s ]

[ 2017-05-07T09:22:16+08:00 ] 127.0.0.1 /index.php?s=/Home/User/verify.html&random=0.3655880849414612
INFO: [ app_end ] --START--
INFO: Run Behavior\ShowPageTrace [ RunTime:0.002000s ]
INFO: [ app_end ] --END-- [ RunTime:0.003000s ]

[ 2017-05-07T09:22:17+08:00 ] 127.0.0.1 /index.php?s=/Home/User/verify.html&random=0.5583900159650452
INFO: [ app_end ] --START--
INFO: Run Behavior\ShowPageTrace [ RunTime:0.001000s ]
INFO: [ app_end ] --END-- [ RunTime:0.002000s ]

[ 2017-05-07T09:22:18+08:00 ] 127.0.0.1 /index.php?s=/Home/User/verify.html&random=0.1079210001692914
INFO: [ app_end ] --START--
INFO: Run Behavior\ShowPageTrace [ RunTime:0.001000s ]
INFO: [ app_end ] --END-- [ RunTime:0.002000s ]

[ 2017-05-07T09:22:18+08:00 ] 127.0.0.1 /index.php?s=/Home/User/verify.html&random=0.3190591652571948
INFO: [ app_end ] --START--
INFO: Run Behavior\ShowPageTrace [ RunTime:0.000000s ]
INFO: [ app_end ] --END-- [ RunTime:0.002000s ]

[ 2017-05-07T09:22:27+08:00 ] 127.0.0.1 /index.php?s=/Home/User/login.html
INFO: [ app_begin ] --START--
INFO: Run Behavior\ReadHtmlCache [ RunTime:0.001000s ]
INFO: [ app_begin ] --END-- [ RunTime:0.002000s ]
SQL: SHOW COLUMNS FROM `onethink_config` [ RunTime:0.012001s ]
SQL: SELECT `type`,`name`,`value` FROM `onethink_config` WHERE ( `status` = 1 )  [ RunTime:0.001000s ]
SQL: SHOW COLUMNS FROM `onethink_ucenter_member` [ RunTime:0.041002s ]
SQL: SELECT * FROM `onethink_ucenter_member` WHERE ( `username` = 'admin' ) LIMIT 1   [ RunTime:0.002001s ]
SQL: UPDATE `onethink_ucenter_member` SET `last_login_time`=1494120147,`last_login_ip`='2130706433' WHERE ( `id` = 1 ) [ RunTime:0.036002s ]
SQL: SHOW COLUMNS FROM `onethink_member` [ RunTime:0.069004s ]
SQL: SELECT `uid`,`nickname`,`sex`,`birthday`,`qq`,`score`,`login`,`reg_ip`,`reg_time`,`last_login_ip`,`last_login_time`,`status` FROM `onethink_member` WHERE ( `uid` = 1 ) LIMIT 1   [ RunTime:0.003000s ]
SQL: UPDATE `onethink_member` SET `login`=`login`+1,`last_login_time`=1494120147,`last_login_ip`='2130706433' WHERE ( `uid` = 1 ) [ RunTime:0.026002s ]
SQL: SHOW COLUMNS FROM `onethink_action` [ RunTime:0.075004s ]
SQL: SELECT * FROM `onethink_action` WHERE ( `name` = 'user_login' ) LIMIT 1   [ RunTime:0.001000s ]
SQL: SHOW COLUMNS FROM `onethink_action_log` [ RunTime:0.029002s ]
SQL: INSERT INTO `onethink_action_log` (`action_id`,`user_id`,`action_ip`,`model`,`record_id`,`create_time`,`remark`) VALUES (1,1,2130706433,'member',1,1494120147,'admin在2017-05-07 09:22登录了后台') [ RunTime:0.047003s ]
SQL: SELECT * FROM `onethink_action` WHERE ( `name` = 'user_login' ) LIMIT 1   [ RunTime:0.001000s ]
NOTIC: [8] Undefined offset: 1 D:\www\onethink\Application\Common\Common\function.php 第 665 行.
NOTIC: [2] array_key_exists() expects parameter 2 to be array, null given D:\www\onethink\Application\Common\Common\function.php 第 665 行.
SQL: SELECT COUNT(*) AS tp_count FROM `onethink_action_log` WHERE ( `action_id` = 1 ) AND ( `user_id` = 1 ) AND ( `create_time` > 1494033747 ) LIMIT 1   [ RunTime:0.106006s ]
SQL: SHOW COLUMNS FROM `onethink_member` [ RunTime:0.029001s ]
SQL: UPDATE `onethink_member` SET `score`=score+10 WHERE ( uid=1 AND status>-1 ) [ RunTime:0.002000s ]

[ 2017-05-07T09:22:27+08:00 ] 127.0.0.1 /index.php?s=/Home/Center/index.html
INFO: [ view_parse ] --START--
INFO: [ template_filter ] --START--
INFO: Run Behavior\ContentReplace [ RunTime:0.000000s ]
INFO: [ template_filter ] --END-- [ RunTime:0.000000s ]
INFO: Run Behavior\ParseTemplate [ RunTime:0.020001s ]
INFO: [ view_parse ] --END-- [ RunTime:0.020001s ]
INFO: [ view_filter ] --START--
INFO: Run Behavior\WriteHtmlCache [ RunTime:0.001000s ]
INFO: [ view_filter ] --END-- [ RunTime:0.001000s ]
INFO: [ app_end ] --START--
INFO: Run Behavior\ShowPageTrace [ RunTime:0.000000s ]
INFO: [ app_end ] --END-- [ RunTime:0.001000s ]

[ 2017-05-07T09:22:37+08:00 ] 127.0.0.1 /index.php?s=/Admin/Public/login.html
INFO: [ app_begin ] --START--
INFO: Run Behavior\ReadHtmlCache [ RunTime:0.001000s ]
INFO: [ app_begin ] --END-- [ RunTime:0.001000s ]
SQL: SHOW COLUMNS FROM `onethink_ucenter_member` [ RunTime:0.011001s ]
SQL: SELECT * FROM `onethink_ucenter_member` WHERE ( `username` = 'admin' ) LIMIT 1   [ RunTime:0.001000s ]
SQL: UPDATE `onethink_ucenter_member` SET `last_login_time`=1494120157,`last_login_ip`='2130706433' WHERE ( `id` = 1 ) [ RunTime:0.001000s ]
SQL: SHOW COLUMNS FROM `onethink_member` [ RunTime:0.011001s ]
SQL: SELECT `uid`,`nickname`,`sex`,`birthday`,`qq`,`score`,`login`,`reg_ip`,`reg_time`,`last_login_ip`,`last_login_time`,`status` FROM `onethink_member` WHERE ( `uid` = 1 ) LIMIT 1   [ RunTime:0.002000s ]
SQL: SHOW COLUMNS FROM `onethink_action` [ RunTime:0.011001s ]
SQL: SELECT * FROM `onethink_action` WHERE ( `name` = 'user_login' ) LIMIT 1   [ RunTime:0.002000s ]
SQL: SHOW COLUMNS FROM `onethink_action_log` [ RunTime:0.011000s ]
SQL: INSERT INTO `onethink_action_log` (`action_id`,`user_id`,`action_ip`,`model`,`record_id`,`create_time`,`remark`) VALUES (1,1,2130706433,'member',1,1494120157,'admin在2017-05-07 09:22登录了后台') [ RunTime:0.002000s ]
SQL: SELECT * FROM `onethink_action` WHERE ( `name` = 'user_login' ) LIMIT 1   [ RunTime:0.001001s ]
NOTIC: [8] Undefined offset: 1 D:\www\onethink\Application\Common\Common\function.php 第 665 行.
NOTIC: [2] array_key_exists() expects parameter 2 to be array, null given D:\www\onethink\Application\Common\Common\function.php 第 665 行.
SQL: SELECT COUNT(*) AS tp_count FROM `onethink_action_log` WHERE ( `action_id` = 1 ) AND ( `user_id` = 1 ) AND ( `create_time` > 1494033757 ) LIMIT 1   [ RunTime:0.001000s ]
SQL: UPDATE `onethink_member` SET `login`=`login`+1,`last_login_time`=1494120157,`last_login_ip`='2130706433' WHERE ( `uid` = 1 ) [ RunTime:0.002000s ]

[ 2017-05-07T09:22:39+08:00 ] 127.0.0.1 /index.php?s=/Admin/Index/index.html
SQL: SHOW COLUMNS FROM `onethink_menu` [ RunTime:0.065004s ]
SQL: SELECT * FROM `onethink_menu` WHERE ( `pid` = 0 ) AND ( `hide` = 0 ) ORDER BY sort asc  [ RunTime:0.006001s ]
SQL: SELECT `id` FROM `onethink_menu` WHERE ( url like '%Index/index%' ) LIMIT 1   [ RunTime:0.002000s ]
SQL: SHOW COLUMNS FROM `onethink_menu` [ RunTime:0.014001s ]
SQL: SELECT `id`,`pid`,`title` FROM `onethink_menu` WHERE ( id=1 ) LIMIT 1   [ RunTime:0.001000s ]
SQL: SELECT DISTINCT  `group` FROM `onethink_menu` WHERE ( pid = 1 )  [ RunTime:0.058003s ]
SQL: SELECT `id`,`url` FROM `onethink_menu` WHERE ( `pid` = 1 ) AND ( `hide` = 0 )  [ RunTime:0.001000s ]
INFO: [ view_parse ] --START--
INFO: [ template_filter ] --START--
INFO: Run Behavior\ContentReplace [ RunTime:0.000000s ]
INFO: [ template_filter ] --END-- [ RunTime:0.000000s ]
INFO: [ AdminIndex ] --START--
SQL: SHOW COLUMNS FROM `onethink_addons` [ RunTime:0.073005s ]
SQL: SELECT `config` FROM `onethink_addons` WHERE ( `name` = 'SiteStat' ) AND ( `status` = 1 ) LIMIT 1   [ RunTime:0.003000s ]
SQL: SHOW COLUMNS FROM `onethink_member` [ RunTime:0.024001s ]
SQL: SELECT COUNT(*) AS tp_count FROM `onethink_member` LIMIT 1   [ RunTime:0.002000s ]
SQL: SHOW COLUMNS FROM `onethink_action_log` [ RunTime:0.012001s ]
SQL: SELECT COUNT(*) AS tp_count FROM `onethink_action_log` LIMIT 1   [ RunTime:0.001000s ]
SQL: SHOW COLUMNS FROM `onethink_document` [ RunTime:0.012001s ]
SQL: SELECT COUNT(*) AS tp_count FROM `onethink_document` LIMIT 1   [ RunTime:0.002000s ]
SQL: SHOW COLUMNS FROM `onethink_category` [ RunTime:0.012001s ]
SQL: SELECT COUNT(*) AS tp_count FROM `onethink_category` LIMIT 1   [ RunTime:0.001000s ]
SQL: SHOW COLUMNS FROM `onethink_model` [ RunTime:0.040002s ]
SQL: SELECT COUNT(*) AS tp_count FROM `onethink_model` LIMIT 1   [ RunTime:0.002000s ]
INFO: [ view_parse ] --START--
INFO: [ template_filter ] --START--
INFO: Run Behavior\ContentReplace [ RunTime:0.000000s ]
INFO: [ template_filter ] --END-- [ RunTime:-0.228013s ]
INFO: Run Behavior\ParseTemplate [ RunTime:0.030002s ]
INFO: [ view_parse ] --END-- [ RunTime:0.031002s ]
INFO: [ view_filter ] --START--
INFO: Run Behavior\WriteHtmlCache [ RunTime:0.001000s ]
INFO: [ view_filter ] --END-- [ RunTime:0.001000s ]
INFO: Run SiteStat [ RunTime:0.238014s ]
SQL: SELECT `config` FROM `onethink_addons` WHERE ( `name` = 'SystemInfo' ) AND ( `status` = 1 ) LIMIT 1   [ RunTime:0.004001s ]
INFO: [ view_parse ] --START--
INFO: [ template_filter ] --START--
INFO: Run Behavior\ContentReplace [ RunTime:0.000000s ]
INFO: [ template_filter ] --END-- [ RunTime:-0.644037s ]
SQL: select version() as v; [ RunTime:0.090005s ]
INFO: Run Behavior\ParseTemplate [ RunTime:0.100006s ]
INFO: [ view_parse ] --END-- [ RunTime:-0.393022s ]
INFO: [ view_filter ] --START--
INFO: Run Behavior\WriteHtmlCache [ RunTime:0.000000s ]
INFO: [ view_filter ] --END-- [ RunTime:-0.493028s ]
INFO: Run SystemInfo [ RunTime:0.493028s ]
SQL: SELECT `config` FROM `onethink_addons` WHERE ( `name` = 'DevTeam' ) AND ( `status` = 1 ) LIMIT 1   [ RunTime:0.004000s ]
INFO: [ view_parse ] --START--
INFO: [ template_filter ] --START--
INFO: Run Behavior\ContentReplace [ RunTime:0.000000s ]
INFO: [ template_filter ] --END-- [ RunTime:-0.764043s ]
INFO: Run Behavior\ParseTemplate [ RunTime:0.006001s ]
INFO: [ view_parse ] --END-- [ RunTime:-0.516029s ]
INFO: [ view_filter ] --START--
INFO: Run Behavior\WriteHtmlCache [ RunTime:0.001000s ]
INFO: [ view_filter ] --END-- [ RunTime:-0.521030s ]
INFO: Run DevTeam [ RunTime:0.029002s ]
INFO: [ AdminIndex ] --END-- [ RunTime:0.760044s ]
INFO: Run Behavior\ParseTemplate [ RunTime:0.007001s ]
INFO: [ view_parse ] --END-- [ RunTime:-0.516029s ]
INFO: [ view_filter ] --START--
INFO: Run Behavior\WriteHtmlCache [ RunTime:0.000000s ]
INFO: [ view_filter ] --END-- [ RunTime:-0.522030s ]
INFO: [ app_end ] --START--
INFO: Run Behavior\ShowPageTrace [ RunTime:0.003000s ]
INFO: [ app_end ] --END-- [ RunTime:0.003000s ]

[ 2017-05-07T09:22:41+08:00 ] 127.0.0.1 /index.php?s=/Admin/Repair/index.html
SQL: SHOW COLUMNS FROM `onethink_menu` [ RunTime:0.012000s ]
SQL: SELECT * FROM `onethink_menu` WHERE ( `pid` = 0 ) AND ( `hide` = 0 ) ORDER BY sort asc  [ RunTime:0.001000s ]
SQL: SELECT `id` FROM `onethink_menu` WHERE ( url like '%Repair/index%' ) LIMIT 1   [ RunTime:0.001000s ]
SQL: SHOW COLUMNS FROM `onethink_menu` [ RunTime:0.012001s ]
SQL: SELECT `id`,`pid`,`title` FROM `onethink_menu` WHERE ( id=123 ) LIMIT 1   [ RunTime:0.001000s ]
SQL: SELECT DISTINCT  `group` FROM `onethink_menu` WHERE ( pid = 123 )  [ RunTime:0.001000s ]
SQL: SELECT `id`,`url` FROM `onethink_menu` WHERE ( `pid` = 123 ) AND ( `hide` = 0 )  [ RunTime:0.001000s ]
SQL: SELECT `id`,`pid`,`title`,`url`,`tip` FROM `onethink_menu` WHERE ( `group` = '' ) AND ( `pid` = 123 ) AND ( `hide` = 0 ) ORDER BY sort asc  [ RunTime:0.001000s ]
SQL: SHOW COLUMNS FROM `onethink_repair` [ RunTime:0.053003s ]
SQL: SELECT COUNT(*) AS tp_count FROM `onethink_repair` LIMIT 1   [ RunTime:0.002001s ]
SQL: SELECT * FROM `onethink_repair` ORDER BY create_time LIMIT 0,3   [ RunTime:0.016001s ]
INFO: [ view_parse ] --START--
INFO: [ template_filter ] --START--
INFO: Run Behavior\ContentReplace [ RunTime:0.000000s ]
INFO: [ template_filter ] --END-- [ RunTime:0.000000s ]
NOTIC: [8] Undefined variable: meta_title D:\www\onethink\Runtime\Cache\Admin\bebbb551f58430e1d7154d620e287755.php 第 5 行.
NOTIC: [8] Undefined variable: pid D:\www\onethink\Runtime\Cache\Admin\bebbb551f58430e1d7154d620e287755.php 第 93 行.
NOTIC: [8] Use of undefined constant status - assumed 'status' D:\www\onethink\Runtime\Cache\Admin\bebbb551f58430e1d7154d620e287755.php 第 124 行.
NOTIC: [8] Array to string conversion D:\www\onethink\Runtime\Cache\Admin\bebbb551f58430e1d7154d620e287755.php 第 124 行.
NOTIC: [8] Undefined index: url D:\www\onethink\Runtime\Cache\Admin\bebbb551f58430e1d7154d620e287755.php 第 131 行.
NOTIC: [8] Undefined variable: pid D:\www\onethink\Runtime\Cache\Admin\bebbb551f58430e1d7154d620e287755.php 第 135 行.
NOTIC: [8] Undefined variable: pid D:\www\onethink\Runtime\Cache\Admin\bebbb551f58430e1d7154d620e287755.php 第 136 行.
NOTIC: [8] Use of undefined constant status - assumed 'status' D:\www\onethink\Runtime\Cache\Admin\bebbb551f58430e1d7154d620e287755.php 第 124 行.
NOTIC: [8] Array to string conversion D:\www\onethink\Runtime\Cache\Admin\bebbb551f58430e1d7154d620e287755.php 第 124 行.
NOTIC: [8] Undefined index: url D:\www\onethink\Runtime\Cache\Admin\bebbb551f58430e1d7154d620e287755.php 第 131 行.
NOTIC: [8] Undefined variable: pid D:\www\onethink\Runtime\Cache\Admin\bebbb551f58430e1d7154d620e287755.php 第 135 行.
NOTIC: [8] Undefined variable: pid D:\www\onethink\Runtime\Cache\Admin\bebbb551f58430e1d7154d620e287755.php 第 136 行.
NOTIC: [8] Use of undefined constant status - assumed 'status' D:\www\onethink\Runtime\Cache\Admin\bebbb551f58430e1d7154d620e287755.php 第 124 行.
NOTIC: [8] Array to string conversion D:\www\onethink\Runtime\Cache\Admin\bebbb551f58430e1d7154d620e287755.php 第 124 行.
NOTIC: [8] Undefined index: url D:\www\onethink\Runtime\Cache\Admin\bebbb551f58430e1d7154d620e287755.php 第 131 行.
NOTIC: [8] Undefined variable: pid D:\www\onethink\Runtime\Cache\Admin\bebbb551f58430e1d7154d620e287755.php 第 135 行.
NOTIC: [8] Undefined variable: pid D:\www\onethink\Runtime\Cache\Admin\bebbb551f58430e1d7154d620e287755.php 第 136 行.
INFO: Run Behavior\ParseTemplate [ RunTime:0.028002s ]
INFO: [ view_parse ] --END-- [ RunTime:0.029002s ]
INFO: [ view_filter ] --START--
INFO: Run Behavior\WriteHtmlCache [ RunTime:0.000000s ]
INFO: [ view_filter ] --END-- [ RunTime:0.000000s ]
INFO: [ app_end ] --START--
INFO: Run Behavior\ShowPageTrace [ RunTime:0.001000s ]
INFO: [ app_end ] --END-- [ RunTime:0.001000s ]

[ 2017-05-07T09:22:52+08:00 ] 127.0.0.1 /index.php?s=/Home/House/index.html
SQL: SHOW COLUMNS FROM `onethink_category` [ RunTime:0.016001s ]
SQL: SELECT `id` FROM `onethink_category` WHERE ( `name` = 'house' ) LIMIT 1   [ RunTime:0.002000s ]
SQL: SHOW COLUMNS FROM `onethink_document` [ RunTime:0.015001s ]
SQL: SHOW COLUMNS FROM `onethink_document_article` [ RunTime:0.048003s ]
NOTIC: [8] Undefined index: limit D:\www\onethink\ThinkPHP\Library\Think\Db.class.php 第 793 行.
SQL: SELECT * FROM `onethink_document` WHERE ( `category_id` = 43 ) LIMIT 0,20   [ RunTime:0.002000s ]
SQL: SELECT * FROM `onethink_document_article` WHERE ( `id` = 10 )  [ RunTime:0.002000s ]
SQL: SHOW COLUMNS FROM `onethink_picture` [ RunTime:0.026002s ]
SQL: SELECT * FROM `onethink_picture` WHERE ( `status` = 1 ) AND ( `id` = 5 ) LIMIT 1   [ RunTime:0.009000s ]
INFO: [ view_parse ] --START--
INFO: [ template_filter ] --START--
INFO: Run Behavior\ContentReplace [ RunTime:0.000000s ]
INFO: [ template_filter ] --END-- [ RunTime:0.000000s ]
NOTIC: [8] Undefined index: views D:\www\onethink\Runtime\Cache\Home\bd1b87d884f837a509fe1c87562913a8.php 第 56 行.
NOTIC: [8] A non well formed numeric value encountered D:\www\onethink\Runtime\Cache\Home\bd1b87d884f837a509fe1c87562913a8.php 第 56 行.
INFO: Run Behavior\ParseTemplate [ RunTime:0.039002s ]
INFO: [ view_parse ] --END-- [ RunTime:0.039002s ]
INFO: [ view_filter ] --START--
INFO: Run Behavior\WriteHtmlCache [ RunTime:0.001000s ]
INFO: [ view_filter ] --END-- [ RunTime:0.001000s ]
INFO: [ app_end ] --START--
INFO: Run Behavior\ShowPageTrace [ RunTime:0.001000s ]
INFO: [ app_end ] --END-- [ RunTime:0.001000s ]

[ 2017-05-07T09:22:55+08:00 ] 127.0.0.1 /index.php?s=/Home/Business/index.html
SQL: SHOW COLUMNS FROM `onethink_category` [ RunTime:0.015001s ]
SQL: SELECT `id` FROM `onethink_category` WHERE ( `name` = 'business' ) LIMIT 1   [ RunTime:0.002000s ]
SQL: SHOW COLUMNS FROM `onethink_document` [ RunTime:0.013001s ]
SQL: SHOW COLUMNS FROM `onethink_document_article` [ RunTime:0.014001s ]
NOTIC: [8] Undefined index: limit D:\www\onethink\ThinkPHP\Library\Think\Db.class.php 第 793 行.
SQL: SELECT * FROM `onethink_document` WHERE ( `category_id` = 44 ) LIMIT 0,20   [ RunTime:0.002000s ]
SQL: SELECT * FROM `onethink_document_article` WHERE ( `id` = 9 )  [ RunTime:0.001000s ]
SQL: SHOW COLUMNS FROM `onethink_picture` [ RunTime:0.011000s ]
SQL: SELECT * FROM `onethink_picture` WHERE ( `status` = 1 ) AND ( `id` = 11 ) LIMIT 1   [ RunTime:0.002000s ]
INFO: [ view_parse ] --START--
INFO: [ template_filter ] --START--
INFO: Run Behavior\ContentReplace [ RunTime:0.000000s ]
INFO: [ template_filter ] --END-- [ RunTime:0.000000s ]
NOTIC: [8] Undefined index: views D:\www\onethink\Runtime\Cache\Home\29a205473030b62520731c307bfaf6c7.php 第 55 行.
NOTIC: [8] A non well formed numeric value encountered D:\www\onethink\Runtime\Cache\Home\29a205473030b62520731c307bfaf6c7.php 第 55 行.
INFO: Run Behavior\ParseTemplate [ RunTime:0.019001s ]
INFO: [ view_parse ] --END-- [ RunTime:0.019001s ]
INFO: [ view_filter ] --START--
INFO: Run Behavior\WriteHtmlCache [ RunTime:0.000000s ]
INFO: [ view_filter ] --END-- [ RunTime:0.000000s ]
INFO: [ app_end ] --START--
INFO: Run Behavior\ShowPageTrace [ RunTime:0.001000s ]
INFO: [ app_end ] --END-- [ RunTime:0.001000s ]

[ 2017-05-07T09:29:08+08:00 ] 127.0.0.1 /index.php?s=/Home/Center/index.html
INFO: [ view_parse ] --START--
INFO: [ template_filter ] --START--
INFO: Run Behavior\ContentReplace [ RunTime:0.000000s ]
INFO: [ template_filter ] --END-- [ RunTime:0.000000s ]
INFO: Run Behavior\ParseTemplate [ RunTime:0.022002s ]
INFO: [ view_parse ] --END-- [ RunTime:0.023002s ]
INFO: [ view_filter ] --START--
INFO: Run Behavior\WriteHtmlCache [ RunTime:0.000000s ]
INFO: [ view_filter ] --END-- [ RunTime:0.000000s ]
INFO: [ app_end ] --START--
INFO: Run Behavior\ShowPageTrace [ RunTime:0.000000s ]
INFO: [ app_end ] --END-- [ RunTime:0.000000s ]

[ 2017-05-07T09:37:26+08:00 ] 127.0.0.1 /index.php?s=/Home/Center/index.html
INFO: [ view_parse ] --START--
INFO: [ template_filter ] --START--
INFO: Run Behavior\ContentReplace [ RunTime:0.000000s ]
INFO: [ template_filter ] --END-- [ RunTime:0.000000s ]
INFO: Run Behavior\ParseTemplate [ RunTime:0.021001s ]
INFO: [ view_parse ] --END-- [ RunTime:0.022001s ]
INFO: [ view_filter ] --START--
INFO: Run Behavior\WriteHtmlCache [ RunTime:0.000000s ]
INFO: [ view_filter ] --END-- [ RunTime:0.000000s ]
INFO: [ app_end ] --START--
INFO: Run Behavior\ShowPageTrace [ RunTime:0.001000s ]
INFO: [ app_end ] --END-- [ RunTime:0.001000s ]

[ 2017-05-07T09:37:28+08:00 ] 127.0.0.1 /index.php?s=/Home/Mine/index.html
ERR: 模板不存在:./Application/Home/View/default/Mine/mine.html

[ 2017-05-07T09:38:01+08:00 ] 127.0.0.1 /index.php?s=/Home/Mine/index.html
ERR: 模板不存在:./Application/Home/View/default/Mine/mine.html

[ 2017-05-07T09:38:03+08:00 ] 127.0.0.1 /index.php?s=/Home/Mine/index.html
ERR: 模板不存在:./Application/Home/View/default/Mine/mine.html

[ 2017-05-07T09:39:02+08:00 ] 127.0.0.1 /index.php?s=/Home/Mine/index.html
ERR: 模板不存在:./Application/Home/View/default/Mine/mine.html

[ 2017-05-07T09:39:07+08:00 ] 127.0.0.1 /index.php?s=/Home/Center/index.html
INFO: [ view_parse ] --START--
INFO: [ template_filter ] --START--
INFO: Run Behavior\ContentReplace [ RunTime:0.000000s ]
INFO: [ template_filter ] --END-- [ RunTime:0.000000s ]
INFO: Run Behavior\ParseTemplate [ RunTime:0.009000s ]
INFO: [ view_parse ] --END-- [ RunTime:0.010000s ]
INFO: [ view_filter ] --START--
INFO: Run Behavior\WriteHtmlCache [ RunTime:0.000000s ]
INFO: [ view_filter ] --END-- [ RunTime:0.000000s ]
INFO: [ app_end ] --START--
INFO: Run Behavior\ShowPageTrace [ RunTime:0.000000s ]
INFO: [ app_end ] --END-- [ RunTime:0.000000s ]

[ 2017-05-07T09:40:22+08:00 ] 127.0.0.1 /index.php?s=/Home/Center/index.html
INFO: [ view_parse ] --START--
INFO: [ template_filter ] --START--
INFO: Run Behavior\ContentReplace [ RunTime:0.000000s ]
INFO: [ template_filter ] --END-- [ RunTime:0.000000s ]
INFO: Run Behavior\ParseTemplate [ RunTime:0.013000s ]
INFO: [ view_parse ] --END-- [ RunTime:0.014000s ]
INFO: [ view_filter ] --START--
INFO: Run Behavior\WriteHtmlCache [ RunTime:0.001000s ]
INFO: [ view_filter ] --END-- [ RunTime:0.001000s ]
INFO: [ app_end ] --START--
INFO: Run Behavior\ShowPageTrace [ RunTime:0.001001s ]
INFO: [ app_end ] --END-- [ RunTime:0.001001s ]

[ 2017-05-07T09:40:24+08:00 ] 127.0.0.1 /index.php?s=/Home/Mine/index.html
ERR: 模板不存在:./Application/Home/View/default/Mine/mine.html

[ 2017-05-07T09:41:29+08:00 ] 127.0.0.1 /index.php?s=/Home/Mine/index.html
ERR: 模板不存在:./Application/Home/View/default/Mine/mine.html

[ 2017-05-07T09:43:08+08:00 ] 127.0.0.1 /index.php?s=/Home/Mine/index.html
ERR: 模板不存在:./Application/Home/View/default/Mine/mine.html

[ 2017-05-07T09:43:18+08:00 ] 127.0.0.1 /index.php?s=/Home/center/index.html
INFO: [ view_parse ] --START--
INFO: [ template_filter ] --START--
INFO: Run Behavior\ContentReplace [ RunTime:0.001000s ]
INFO: [ template_filter ] --END-- [ RunTime:0.001000s ]
INFO: Run Behavior\ParseTemplate [ RunTime:0.010000s ]
INFO: [ view_parse ] --END-- [ RunTime:0.011000s ]
INFO: [ view_filter ] --START--
INFO: Run Behavior\WriteHtmlCache [ RunTime:0.000000s ]
INFO: [ view_filter ] --END-- [ RunTime:0.000000s ]
INFO: [ app_end ] --START--
INFO: Run Behavior\ShowPageTrace [ RunTime:0.001000s ]
INFO: [ app_end ] --END-- [ RunTime:0.001000s ]

[ 2017-05-07T09:43:28+08:00 ] 127.0.0.1 /index.php?s=/Home/Mine/repair.html
SQL: SHOW COLUMNS FROM `onethink_fix` [ RunTime:0.054003s ]
ERR: 1146:Table 'onethink.onethink_fix' doesn't exist
 [ SQL语句 ] : SHOW COLUMNS FROM `onethink_fix`
SQL: SELECT * FROM `onethink_fix` WHERE ( `uid` = 1 )  [ RunTime:0.002000s ]
ERR: 1146:Table 'onethink.onethink_fix' doesn't exist
 [ SQL语句 ] : SELECT * FROM `onethink_fix` WHERE ( `uid` = 1 ) 
NOTIC: [2] Invalid argument supplied for foreach() D:\www\onethink\Application\Home\Controller\MineController.class.php 第 22 行.
ERR: 模板不存在:./Application/Home/View/default/Mine/detail.html

[ 2017-05-07T09:43:31+08:00 ] 127.0.0.1 /index.php?s=/Home/Mine/repair.html
SQL: SHOW COLUMNS FROM `onethink_fix` [ RunTime:0.013001s ]
ERR: 1146:Table 'onethink.onethink_fix' doesn't exist
 [ SQL语句 ] : SHOW COLUMNS FROM `onethink_fix`
SQL: SELECT * FROM `onethink_fix` WHERE ( `uid` = 1 )  [ RunTime:0.002000s ]
ERR: 1146:Table 'onethink.onethink_fix' doesn't exist
 [ SQL语句 ] : SELECT * FROM `onethink_fix` WHERE ( `uid` = 1 ) 
NOTIC: [2] Invalid argument supplied for foreach() D:\www\onethink\Application\Home\Controller\MineController.class.php 第 22 行.
ERR: 模板不存在:./Application/Home/View/default/Mine/detail.html

[ 2017-05-07T09:44:17+08:00 ] 127.0.0.1 /index.php?s=/Home/center/index.html
INFO: [ view_parse ] --START--
INFO: [ template_filter ] --START--
INFO: Run Behavior\ContentReplace [ RunTime:0.000000s ]
INFO: [ template_filter ] --END-- [ RunTime:0.000000s ]
INFO: Run Behavior\ParseTemplate [ RunTime:0.009000s ]
INFO: [ view_parse ] --END-- [ RunTime:0.009000s ]
INFO: [ view_filter ] --START--
INFO: Run Behavior\WriteHtmlCache [ RunTime:0.001000s ]
INFO: [ view_filter ] --END-- [ RunTime:0.001000s ]
INFO: [ app_end ] --START--
INFO: Run Behavior\ShowPageTrace [ RunTime:0.001000s ]
INFO: [ app_end ] --END-- [ RunTime:0.001000s ]

[ 2017-05-07T09:44:32+08:00 ] 127.0.0.1 /index.php?s=/Home/mine/index.html
ERR: 模板不存在:./Application/Home/View/default/Mine/detail.html

[ 2017-05-07T09:45:08+08:00 ] 127.0.0.1 /index.php?s=/Home/House/index.html
SQL: SHOW COLUMNS FROM `onethink_category` [ RunTime:0.014001s ]
SQL: SELECT `id` FROM `onethink_category` WHERE ( `name` = 'house' ) LIMIT 1   [ RunTime:0.001000s ]
SQL: SHOW COLUMNS FROM `onethink_document` [ RunTime:0.013001s ]
SQL: SHOW COLUMNS FROM `onethink_document_article` [ RunTime:0.012001s ]
NOTIC: [8] Undefined index: limit D:\www\onethink\ThinkPHP\Library\Think\Db.class.php 第 793 行.
SQL: SELECT * FROM `onethink_document` WHERE ( `category_id` = 43 ) LIMIT 0,20   [ RunTime:0.002000s ]
SQL: SELECT * FROM `onethink_document_article` WHERE ( `id` = 10 )  [ RunTime:0.001000s ]
SQL: SHOW COLUMNS FROM `onethink_picture` [ RunTime:0.013001s ]
SQL: SELECT * FROM `onethink_picture` WHERE ( `status` = 1 ) AND ( `id` = 5 ) LIMIT 1   [ RunTime:0.002000s ]
INFO: [ view_parse ] --START--
INFO: [ template_filter ] --START--
INFO: Run Behavior\ContentReplace [ RunTime:0.000000s ]
INFO: [ template_filter ] --END-- [ RunTime:0.000000s ]
NOTIC: [8] Undefined index: views D:\www\onethink\Runtime\Cache\Home\bd1b87d884f837a509fe1c87562913a8.php 第 56 行.
NOTIC: [8] A non well formed numeric value encountered D:\www\onethink\Runtime\Cache\Home\bd1b87d884f837a509fe1c87562913a8.php 第 56 行.
INFO: Run Behavior\ParseTemplate [ RunTime:0.010001s ]
INFO: [ view_parse ] --END-- [ RunTime:0.010001s ]
INFO: [ view_filter ] --START--
INFO: Run Behavior\WriteHtmlCache [ RunTime:0.000000s ]
INFO: [ view_filter ] --END-- [ RunTime:0.000000s ]
INFO: [ app_end ] --START--
INFO: Run Behavior\ShowPageTrace [ RunTime:0.000000s ]
INFO: [ app_end ] --END-- [ RunTime:0.001000s ]

[ 2017-05-07T09:46:47+08:00 ] 127.0.0.1 /index.php?s=/Home/center/index.html
INFO: [ view_parse ] --START--
INFO: [ template_filter ] --START--
INFO: Run Behavior\ContentReplace [ RunTime:0.000000s ]
INFO: [ template_filter ] --END-- [ RunTime:0.001000s ]
INFO: Run Behavior\ParseTemplate [ RunTime:0.023001s ]
INFO: [ view_parse ] --END-- [ RunTime:0.024001s ]
INFO: [ view_filter ] --START--
INFO: Run Behavior\WriteHtmlCache [ RunTime:0.000000s ]
INFO: [ view_filter ] --END-- [ RunTime:0.000000s ]
INFO: [ app_end ] --START--
INFO: Run Behavior\ShowPageTrace [ RunTime:0.001000s ]
INFO: [ app_end ] --END-- [ RunTime:0.001000s ]

[ 2017-05-07T09:46:49+08:00 ] 127.0.0.1 /index.php?s=/Home/House/index.html
SQL: SHOW COLUMNS FROM `onethink_category` [ RunTime:0.015001s ]
SQL: SELECT `id` FROM `onethink_category` WHERE ( `name` = 'house' ) LIMIT 1   [ RunTime:0.002000s ]
SQL: SHOW COLUMNS FROM `onethink_document` [ RunTime:0.013000s ]
SQL: SHOW COLUMNS FROM `onethink_document_article` [ RunTime:0.014001s ]
NOTIC: [8] Undefined index: limit D:\www\onethink\ThinkPHP\Library\Think\Db.class.php 第 793 行.
SQL: SELECT * FROM `onethink_document` WHERE ( `category_id` = 43 ) LIMIT 0,20   [ RunTime:0.001000s ]
SQL: SELECT * FROM `onethink_document_article` WHERE ( `id` = 10 )  [ RunTime:0.001000s ]
SQL: SHOW COLUMNS FROM `onethink_picture` [ RunTime:0.014001s ]
SQL: SELECT * FROM `onethink_picture` WHERE ( `status` = 1 ) AND ( `id` = 5 ) LIMIT 1   [ RunTime:0.002000s ]
INFO: [ view_parse ] --START--
INFO: [ template_filter ] --START--
INFO: Run Behavior\ContentReplace [ RunTime:0.000000s ]
INFO: [ template_filter ] --END-- [ RunTime:0.000000s ]
INFO: Run Behavior\ParseTemplate [ RunTime:0.013001s ]
INFO: [ view_parse ] --END-- [ RunTime:0.013001s ]
INFO: [ view_filter ] --START--
INFO: Run Behavior\WriteHtmlCache [ RunTime:0.000000s ]
INFO: [ view_filter ] --END-- [ RunTime:0.000000s ]
INFO: [ app_end ] --START--
INFO: Run Behavior\ShowPageTrace [ RunTime:0.001000s ]
INFO: [ app_end ] --END-- [ RunTime:0.001000s ]

[ 2017-05-07T09:49:49+08:00 ] 127.0.0.1 /index.php?s=/Home/House/index.html
SQL: SHOW COLUMNS FROM `onethink_category` [ RunTime:0.014001s ]
SQL: SELECT `id` FROM `onethink_category` WHERE ( `name` = 'house' ) LIMIT 1   [ RunTime:0.002000s ]
SQL: SHOW COLUMNS FROM `onethink_document` [ RunTime:0.014001s ]
SQL: SHOW COLUMNS FROM `onethink_document_article` [ RunTime:0.013001s ]
NOTIC: [8] Undefined index: limit D:\www\onethink\ThinkPHP\Library\Think\Db.class.php 第 793 行.
SQL: SELECT * FROM `onethink_document` WHERE ( `category_id` = 43 ) LIMIT 0,20   [ RunTime:0.001000s ]
SQL: SELECT * FROM `onethink_document_article` WHERE ( `id` = 10 )  [ RunTime:0.001000s ]
SQL: SHOW COLUMNS FROM `onethink_picture` [ RunTime:0.014001s ]
SQL: SELECT * FROM `onethink_picture` WHERE ( `status` = 1 ) AND ( `id` = 5 ) LIMIT 1   [ RunTime:0.001000s ]
INFO: [ view_parse ] --START--
INFO: [ template_filter ] --START--
INFO: Run Behavior\ContentReplace [ RunTime:0.000000s ]
INFO: [ template_filter ] --END-- [ RunTime:0.001001s ]
INFO: Run Behavior\ParseTemplate [ RunTime:0.011001s ]
INFO: [ view_parse ] --END-- [ RunTime:0.012001s ]
INFO: [ view_filter ] --START--
INFO: Run Behavior\WriteHtmlCache [ RunTime:0.000000s ]
INFO: [ view_filter ] --END-- [ RunTime:0.000000s ]
INFO: [ app_end ] --START--
INFO: Run Behavior\ShowPageTrace [ RunTime:0.001000s ]
INFO: [ app_end ] --END-- [ RunTime:0.001000s ]

[ 2017-05-07T09:51:45+08:00 ] 127.0.0.1 /index.php?s=/Home/House/index.html
SQL: SHOW COLUMNS FROM `onethink_category` [ RunTime:0.020001s ]
SQL: SELECT `id` FROM `onethink_category` WHERE ( `name` = 'house' ) LIMIT 1   [ RunTime:0.002000s ]
SQL: SHOW COLUMNS FROM `onethink_document` [ RunTime:0.017001s ]
SQL: SHOW COLUMNS FROM `onethink_document_article` [ RunTime:0.018001s ]
NOTIC: [8] Undefined index: limit D:\www\onethink\ThinkPHP\Library\Think\Db.class.php 第 793 行.
SQL: SELECT * FROM `onethink_document` WHERE ( `category_id` = 43 ) LIMIT 0,20   [ RunTime:0.002000s ]
SQL: SELECT * FROM `onethink_document_article` WHERE ( `id` = 10 )  [ RunTime:0.002000s ]
SQL: SHOW COLUMNS FROM `onethink_picture` [ RunTime:0.017001s ]
SQL: SELECT * FROM `onethink_picture` WHERE ( `status` = 1 ) AND ( `id` = 5 ) LIMIT 1   [ RunTime:0.002000s ]
INFO: [ view_parse ] --START--
INFO: [ template_filter ] --START--
INFO: Run Behavior\ContentReplace [ RunTime:0.000000s ]
INFO: [ template_filter ] --END-- [ RunTime:0.000000s ]
INFO: Run Behavior\ParseTemplate [ RunTime:0.012001s ]
INFO: [ view_parse ] --END-- [ RunTime:0.012001s ]
INFO: [ view_filter ] --START--
INFO: Run Behavior\WriteHtmlCache [ RunTime:0.000000s ]
INFO: [ view_filter ] --END-- [ RunTime:0.000000s ]
INFO: [ app_end ] --START--
INFO: Run Behavior\ShowPageTrace [ RunTime:0.000000s ]
INFO: [ app_end ] --END-- [ RunTime:0.000000s ]

[ 2017-05-07T09:53:44+08:00 ] 127.0.0.1 /index.php?s=/Home/center/index.html
INFO: [ view_parse ] --START--
INFO: [ template_filter ] --START--
INFO: Run Behavior\ContentReplace [ RunTime:0.000000s ]
INFO: [ template_filter ] --END-- [ RunTime:0.000000s ]
INFO: Run Behavior\ParseTemplate [ RunTime:0.021001s ]
INFO: [ view_parse ] --END-- [ RunTime:0.022001s ]
INFO: [ view_filter ] --START--
INFO: Run Behavior\WriteHtmlCache [ RunTime:0.001000s ]
INFO: [ view_filter ] --END-- [ RunTime:0.001000s ]
INFO: [ app_end ] --START--
INFO: Run Behavior\ShowPageTrace [ RunTime:0.001000s ]
INFO: [ app_end ] --END-- [ RunTime:0.001000s ]

[ 2017-05-07T09:53:46+08:00 ] 127.0.0.1 /index.php?s=/Home/Repair/add.html
INFO: [ view_parse ] --START--
INFO: [ template_filter ] --START--
INFO: Run Behavior\ContentReplace [ RunTime:0.000000s ]
INFO: [ template_filter ] --END-- [ RunTime:0.000000s ]
INFO: Run Behavior\ParseTemplate [ RunTime:0.018001s ]
INFO: [ view_parse ] --END-- [ RunTime:0.019001s ]
INFO: [ view_filter ] --START--
INFO: Run Behavior\WriteHtmlCache [ RunTime:0.000000s ]
INFO: [ view_filter ] --END-- [ RunTime:0.000000s ]
INFO: [ app_end ] --START--
INFO: Run Behavior\ShowPageTrace [ RunTime:0.001000s ]
INFO: [ app_end ] --END-- [ RunTime:0.001000s ]

[ 2017-05-07T09:53:57+08:00 ] 127.0.0.1 /index.php?s=/Home/Repair/add.html
INFO: [ view_parse ] --START--
INFO: [ template_filter ] --START--
INFO: Run Behavior\ContentReplace [ RunTime:0.000000s ]
INFO: [ template_filter ] --END-- [ RunTime:0.001000s ]
INFO: Run Behavior\ParseTemplate [ RunTime:0.009000s ]
INFO: [ view_parse ] --END-- [ RunTime:0.009000s ]
INFO: [ view_filter ] --START--
INFO: Run Behavior\WriteHtmlCache [ RunTime:0.001000s ]
INFO: [ view_filter ] --END-- [ RunTime:0.001000s ]
INFO: [ app_end ] --START--
INFO: Run Behavior\ShowPageTrace [ RunTime:0.001000s ]
INFO: [ app_end ] --END-- [ RunTime:0.001000s ]

[ 2017-05-07T09:54:53+08:00 ] 127.0.0.1 /index.php?s=/Home/center/index.html
INFO: [ view_parse ] --START--
INFO: [ template_filter ] --START--
INFO: Run Behavior\ContentReplace [ RunTime:0.000000s ]
INFO: [ template_filter ] --END-- [ RunTime:0.000000s ]
INFO: Run Behavior\ParseTemplate [ RunTime:0.015001s ]
INFO: [ view_parse ] --END-- [ RunTime:0.016001s ]
INFO: [ view_filter ] --START--
INFO: Run Behavior\WriteHtmlCache [ RunTime:0.000000s ]
INFO: [ view_filter ] --END-- [ RunTime:0.000000s ]
INFO: [ app_end ] --START--
INFO: Run Behavior\ShowPageTrace [ RunTime:0.001000s ]
INFO: [ app_end ] --END-- [ RunTime:0.001000s ]

[ 2017-05-07T09:54:56+08:00 ] 127.0.0.1 /index.php?s=/Home/Mine/index.html
ERR: 模板不存在:./Application/Home/View/default/Mine/detail.html

[ 2017-05-07T09:55:22+08:00 ] 127.0.0.1 /index.php?s=/Home/Mine/index.html
INFO: [ view_parse ] --START--
INFO: [ template_filter ] --START--
INFO: Run Behavior\ContentReplace [ RunTime:0.000000s ]
INFO: [ template_filter ] --END-- [ RunTime:0.000000s ]
INFO: Run Behavior\ParseTemplate [ RunTime:0.074004s ]
INFO: [ view_parse ] --END-- [ RunTime:0.075004s ]
INFO: [ view_filter ] --START--
INFO: Run Behavior\WriteHtmlCache [ RunTime:0.001000s ]
INFO: [ view_filter ] --END-- [ RunTime:0.001000s ]
INFO: [ app_end ] --START--
INFO: Run Behavior\ShowPageTrace [ RunTime:0.001000s ]
INFO: [ app_end ] --END-- [ RunTime:0.001000s ]

[ 2017-05-07T09:55:30+08:00 ] 127.0.0.1 /index.php?s=/Home/Mine/index.html
INFO: [ view_parse ] --START--
INFO: [ template_filter ] --START--
INFO: Run Behavior\ContentReplace [ RunTime:0.000000s ]
INFO: [ template_filter ] --END-- [ RunTime:0.000000s ]
INFO: Run Behavior\ParseTemplate [ RunTime:0.010000s ]
INFO: [ view_parse ] --END-- [ RunTime:0.011000s ]
INFO: [ view_filter ] --START--
INFO: Run Behavior\WriteHtmlCache [ RunTime:0.001000s ]
INFO: [ view_filter ] --END-- [ RunTime:0.001000s ]
INFO: [ app_end ] --START--
INFO: Run Behavior\ShowPageTrace [ RunTime:0.000000s ]
INFO: [ app_end ] --END-- [ RunTime:0.000000s ]

[ 2017-05-07T09:55:31+08:00 ] 127.0.0.1 /index.php?s=/Home/Mine/index.html
INFO: [ view_parse ] --START--
INFO: [ template_filter ] --START--
INFO: Run Behavior\ContentReplace [ RunTime:0.000000s ]
INFO: [ template_filter ] --END-- [ RunTime:0.000000s ]
INFO: Run Behavior\ParseTemplate [ RunTime:0.010001s ]
INFO: [ view_parse ] --END-- [ RunTime:0.011001s ]
INFO: [ view_filter ] --START--
INFO: Run Behavior\WriteHtmlCache [ RunTime:0.000000s ]
INFO: [ view_filter ] --END-- [ RunTime:0.000000s ]
INFO: [ app_end ] --START--
INFO: Run Behavior\ShowPageTrace [ RunTime:0.001000s ]
INFO: [ app_end ] --END-- [ RunTime:0.001000s ]

[ 2017-05-07T09:56:25+08:00 ] 127.0.0.1 /index.php?s=/Home/Mine/index.html
INFO: [ view_parse ] --START--
INFO: [ template_filter ] --START--
INFO: Run Behavior\ContentReplace [ RunTime:0.000000s ]
INFO: [ template_filter ] --END-- [ RunTime:0.001000s ]
INFO: Run Behavior\ParseTemplate [ RunTime:0.012001s ]
INFO: [ view_parse ] --END-- [ RunTime:0.012001s ]
INFO: [ view_filter ] --START--
INFO: Run Behavior\WriteHtmlCache [ RunTime:0.001000s ]
INFO: [ view_filter ] --END-- [ RunTime:0.001000s ]
INFO: [ app_end ] --START--
INFO: Run Behavior\ShowPageTrace [ RunTime:0.001000s ]
INFO: [ app_end ] --END-- [ RunTime:0.001000s ]

[ 2017-05-07T09:56:31+08:00 ] 127.0.0.1 /index.php?s=/Home/Center/index.html
INFO: [ view_parse ] --START--
INFO: [ template_filter ] --START--
INFO: Run Behavior\ContentReplace [ RunTime:0.001000s ]
INFO: [ template_filter ] --END-- [ RunTime:0.001000s ]
INFO: Run Behavior\ParseTemplate [ RunTime:0.010000s ]
INFO: [ view_parse ] --END-- [ RunTime:0.010000s ]
INFO: [ view_filter ] --START--
INFO: Run Behavior\WriteHtmlCache [ RunTime:0.000000s ]
INFO: [ view_filter ] --END-- [ RunTime:0.000000s ]
INFO: [ app_end ] --START--
INFO: Run Behavior\ShowPageTrace [ RunTime:0.000000s ]
INFO: [ app_end ] --END-- [ RunTime:0.001000s ]

[ 2017-05-07T09:56:35+08:00 ] 127.0.0.1 /index.php?s=/Home/Mine/index.html
INFO: [ view_parse ] --START--
INFO: [ template_filter ] --START--
INFO: Run Behavior\ContentReplace [ RunTime:0.000000s ]
INFO: [ template_filter ] --END-- [ RunTime:0.000000s ]
INFO: Run Behavior\ParseTemplate [ RunTime:0.009000s ]
INFO: [ view_parse ] --END-- [ RunTime:0.010001s ]
INFO: [ view_filter ] --START--
INFO: Run Behavior\WriteHtmlCache [ RunTime:0.000000s ]
INFO: [ view_filter ] --END-- [ RunTime:0.000000s ]
INFO: [ app_end ] --START--
INFO: Run Behavior\ShowPageTrace [ RunTime:0.000000s ]
INFO: [ app_end ] --END-- [ RunTime:0.000000s ]

[ 2017-05-07T09:57:30+08:00 ] 127.0.0.1 /index.php?s=/Home/Mine/index.html
INFO: [ view_parse ] --START--
INFO: [ template_filter ] --START--
INFO: Run Behavior\ContentReplace [ RunTime:0.000000s ]
INFO: [ template_filter ] --END-- [ RunTime:0.000000s ]
INFO: Run Behavior\ParseTemplate [ RunTime:0.013001s ]
INFO: [ view_parse ] --END-- [ RunTime:0.014001s ]
INFO: [ view_filter ] --START--
INFO: Run Behavior\WriteHtmlCache [ RunTime:0.000000s ]
INFO: [ view_filter ] --END-- [ RunTime:0.001000s ]
INFO: [ app_end ] --START--
INFO: Run Behavior\ShowPageTrace [ RunTime:0.001000s ]
INFO: [ app_end ] --END-- [ RunTime:0.001000s ]

[ 2017-05-07T09:57:33+08:00 ] 127.0.0.1 /index.php?s=/Home/Center/index.html
INFO: [ view_parse ] --START--
INFO: [ template_filter ] --START--
INFO: Run Behavior\ContentReplace [ RunTime:0.001000s ]
INFO: [ template_filter ] --END-- [ RunTime:0.001000s ]
INFO: Run Behavior\ParseTemplate [ RunTime:0.011000s ]
INFO: [ view_parse ] --END-- [ RunTime:0.012000s ]
INFO: [ view_filter ] --START--
INFO: Run Behavior\WriteHtmlCache [ RunTime:0.001000s ]
INFO: [ view_filter ] --END-- [ RunTime:0.001000s ]
INFO: [ app_end ] --START--
INFO: Run Behavior\ShowPageTrace [ RunTime:0.001000s ]
INFO: [ app_end ] --END-- [ RunTime:0.001000s ]

[ 2017-05-07T09:57:35+08:00 ] 127.0.0.1 /index.php?s=/Home/Mine/index.html
INFO: [ view_parse ] --START--
INFO: [ template_filter ] --START--
INFO: Run Behavior\ContentReplace [ RunTime:0.000000s ]
INFO: [ template_filter ] --END-- [ RunTime:0.000000s ]
INFO: Run Behavior\ParseTemplate [ RunTime:0.009000s ]
INFO: [ view_parse ] --END-- [ RunTime:0.010000s ]
INFO: [ view_filter ] --START--
INFO: Run Behavior\WriteHtmlCache [ RunTime:0.001000s ]
INFO: [ view_filter ] --END-- [ RunTime:0.001000s ]
INFO: [ app_end ] --START--
INFO: Run Behavior\ShowPageTrace [ RunTime:0.001000s ]
INFO: [ app_end ] --END-- [ RunTime:0.001000s ]

[ 2017-05-07T09:58:39+08:00 ] 127.0.0.1 /index.php?s=/Home/Mine/index.html
INFO: [ view_parse ] --START--
INFO: [ template_filter ] --START--
INFO: Run Behavior\ContentReplace [ RunTime:0.000000s ]
INFO: [ template_filter ] --END-- [ RunTime:0.000000s ]
INFO: Run Behavior\ParseTemplate [ RunTime:0.011001s ]
INFO: [ view_parse ] --END-- [ RunTime:0.012001s ]
INFO: [ view_filter ] --START--
INFO: Run Behavior\WriteHtmlCache [ RunTime:0.001000s ]
INFO: [ view_filter ] --END-- [ RunTime:0.001000s ]
INFO: [ app_end ] --START--
INFO: Run Behavior\ShowPageTrace [ RunTime:0.002000s ]
INFO: [ app_end ] --END-- [ RunTime:0.002000s ]

[ 2017-05-07T09:59:18+08:00 ] 127.0.0.1 /index.php?s=/Home/Mine/index.html
INFO: [ view_parse ] --START--
INFO: [ template_filter ] --START--
INFO: Run Behavior\ContentReplace [ RunTime:0.000000s ]
INFO: [ template_filter ] --END-- [ RunTime:0.000000s ]
INFO: Run Behavior\ParseTemplate [ RunTime:0.012000s ]
INFO: [ view_parse ] --END-- [ RunTime:0.012000s ]
INFO: [ view_filter ] --START--
INFO: Run Behavior\WriteHtmlCache [ RunTime:0.000000s ]
INFO: [ view_filter ] --END-- [ RunTime:0.000000s ]
INFO: [ app_end ] --START--
INFO: Run Behavior\ShowPageTrace [ RunTime:0.000000s ]
INFO: [ app_end ] --END-- [ RunTime:0.000000s ]

[ 2017-05-07T10:01:27+08:00 ] 127.0.0.1 /index.php?s=/Home/Mine/index.html
INFO: [ view_parse ] --START--
INFO: [ template_filter ] --START--
INFO: Run Behavior\ContentReplace [ RunTime:0.000000s ]
INFO: [ template_filter ] --END-- [ RunTime:0.000000s ]
INFO: Run Behavior\ParseTemplate [ RunTime:0.009000s ]
INFO: [ view_parse ] --END-- [ RunTime:0.011000s ]
INFO: [ view_filter ] --START--
INFO: Run Behavior\WriteHtmlCache [ RunTime:0.000000s ]
INFO: [ view_filter ] --END-- [ RunTime:0.000000s ]
INFO: [ app_end ] --START--
INFO: Run Behavior\ShowPageTrace [ RunTime:0.001000s ]
INFO: [ app_end ] --END-- [ RunTime:0.002000s ]

[ 2017-05-07T10:07:09+08:00 ] 127.0.0.1 /index.php?s=/Home/Center/index.html
INFO: [ view_parse ] --START--
INFO: [ template_filter ] --START--
INFO: Run Behavior\ContentReplace [ RunTime:0.000000s ]
INFO: [ template_filter ] --END-- [ RunTime:0.001000s ]
INFO: Run Behavior\ParseTemplate [ RunTime:0.022001s ]
INFO: [ view_parse ] --END-- [ RunTime:0.022001s ]
INFO: [ view_filter ] --START--
INFO: Run Behavior\WriteHtmlCache [ RunTime:0.001000s ]
INFO: [ view_filter ] --END-- [ RunTime:0.001000s ]
INFO: [ app_end ] --START--
INFO: Run Behavior\ShowPageTrace [ RunTime:0.001000s ]
INFO: [ app_end ] --END-- [ RunTime:0.001000s ]

[ 2017-05-07T10:08:04+08:00 ] 127.0.0.1 /index.php?s=/Home/Center/index.html
INFO: [ view_parse ] --START--
INFO: [ template_filter ] --START--
INFO: Run Behavior\ContentReplace [ RunTime:0.001000s ]
INFO: [ template_filter ] --END-- [ RunTime:0.001000s ]
INFO: Run Behavior\ParseTemplate [ RunTime:0.012001s ]
INFO: [ view_parse ] --END-- [ RunTime:0.012001s ]
INFO: [ view_filter ] --START--
INFO: Run Behavior\WriteHtmlCache [ RunTime:0.001000s ]
INFO: [ view_filter ] --END-- [ RunTime:0.001000s ]
INFO: [ app_end ] --START--
INFO: Run Behavior\ShowPageTrace [ RunTime:0.001000s ]
INFO: [ app_end ] --END-- [ RunTime:0.001000s ]

[ 2017-05-07T10:08:07+08:00 ] 127.0.0.1 /index.php?s=/Home/Mine/index.html
SQL: SHOW COLUMNS FROM `onethink_member` [ RunTime:0.013001s ]
NOTIC: [4096] Object of class Home\Controller\MineController could not be converted to string D:\www\onethink\Application\Home\Controller\MineController.class.php 第 17 行.
NOTIC: [8] Object of class Home\Controller\MineController to string conversion D:\www\onethink\Application\Home\Controller\MineController.class.php 第 17 行.

[ 2017-05-07T10:08:26+08:00 ] 127.0.0.1 /index.php?s=/Home/Center/index.html
INFO: [ view_parse ] --START--
INFO: [ template_filter ] --START--
INFO: Run Behavior\ContentReplace [ RunTime:0.000000s ]
INFO: [ template_filter ] --END-- [ RunTime:0.000000s ]
INFO: Run Behavior\ParseTemplate [ RunTime:0.010001s ]
INFO: [ view_parse ] --END-- [ RunTime:0.010001s ]
INFO: [ view_filter ] --START--
INFO: Run Behavior\WriteHtmlCache [ RunTime:0.001000s ]
INFO: [ view_filter ] --END-- [ RunTime:0.001000s ]
INFO: [ app_end ] --START--
INFO: Run Behavior\ShowPageTrace [ RunTime:0.000000s ]
INFO: [ app_end ] --END-- [ RunTime:0.000000s ]

[ 2017-05-07T10:08:28+08:00 ] 127.0.0.1 /index.php?s=/Home/Mine/index.html
SQL: SHOW COLUMNS FROM `onethink_member` [ RunTime:0.014001s ]
NOTIC: [4096] Object of class Home\Controller\MineController could not be converted to string D:\www\onethink\Application\Home\Controller\MineController.class.php 第 17 行.
NOTIC: [8] Object of class Home\Controller\MineController to string conversion D:\www\onethink\Application\Home\Controller\MineController.class.php 第 17 行.

[ 2017-05-07T10:09:00+08:00 ] 127.0.0.1 /index.php?s=/Home/Mine/index.html
SQL: SHOW COLUMNS FROM `onethink_member` [ RunTime:0.018001s ]
INFO: [ view_parse ] --START--
INFO: [ template_filter ] --START--
INFO: Run Behavior\ContentReplace [ RunTime:0.000000s ]
INFO: [ template_filter ] --END-- [ RunTime:0.000000s ]
INFO: Run Behavior\ParseTemplate [ RunTime:0.011000s ]
INFO: [ view_parse ] --END-- [ RunTime:0.011000s ]
INFO: [ view_filter ] --START--
INFO: Run Behavior\WriteHtmlCache [ RunTime:0.000000s ]
INFO: [ view_filter ] --END-- [ RunTime:0.001000s ]
INFO: [ app_end ] --START--
INFO: Run Behavior\ShowPageTrace [ RunTime:0.001000s ]
INFO: [ app_end ] --END-- [ RunTime:0.001000s ]

[ 2017-05-07T10:09:22+08:00 ] 127.0.0.1 /index.php?s=/Home/Center/index.html
INFO: [ view_parse ] --START--
INFO: [ template_filter ] --START--
INFO: Run Behavior\ContentReplace [ RunTime:0.000000s ]
INFO: [ template_filter ] --END-- [ RunTime:0.000000s ]
INFO: Run Behavior\ParseTemplate [ RunTime:0.010000s ]
INFO: [ view_parse ] --END-- [ RunTime:0.011000s ]
INFO: [ view_filter ] --START--
INFO: Run Behavior\WriteHtmlCache [ RunTime:0.001000s ]
INFO: [ view_filter ] --END-- [ RunTime:0.001000s ]
INFO: [ app_end ] --START--
INFO: Run Behavior\ShowPageTrace [ RunTime:0.001000s ]
INFO: [ app_end ] --END-- [ RunTime:0.001000s ]

[ 2017-05-07T10:11:34+08:00 ] 127.0.0.1 /index.php?s=/Home/Notice/index.html
SQL: SHOW COLUMNS FROM `onethink_category` [ RunTime:0.012001s ]
SQL: SELECT `id` FROM `onethink_category` WHERE ( `name` = 'notice' ) LIMIT 1   [ RunTime:0.001000s ]
SQL: SHOW COLUMNS FROM `onethink_document` [ RunTime:0.014001s ]
SQL: SHOW COLUMNS FROM `onethink_document_article` [ RunTime:0.013001s ]
NOTIC: [8] Undefined index: limit D:\www\onethink\ThinkPHP\Library\Think\Db.class.php 第 793 行.
SQL: SELECT * FROM `onethink_document` WHERE ( `category_id` = 40 ) LIMIT 0,20   [ RunTime:0.001000s ]
SQL: SELECT * FROM `onethink_document_article` WHERE ( `id` = 2 )  [ RunTime:0.001000s ]
SQL: SHOW COLUMNS FROM `onethink_picture` [ RunTime:0.012000s ]
SQL: SELECT * FROM `onethink_picture` WHERE ( `status` = 1 ) AND ( `id` = 1 ) LIMIT 1   [ RunTime:0.001001s ]
INFO: [ view_parse ] --START--
INFO: [ template_filter ] --START--
INFO: Run Behavior\ContentReplace [ RunTime:0.000000s ]
INFO: [ template_filter ] --END-- [ RunTime:0.000000s ]
NOTIC: [8] A non well formed numeric value encountered D:\www\onethink\Runtime\Cache\Home\b6712068d68b0f23e361fceccafe8f1a.php 第 56 行.
INFO: Run Behavior\ParseTemplate [ RunTime:0.024001s ]
INFO: [ view_parse ] --END-- [ RunTime:0.024001s ]
INFO: [ view_filter ] --START--
INFO: Run Behavior\WriteHtmlCache [ RunTime:0.001000s ]
INFO: [ view_filter ] --END-- [ RunTime:0.001000s ]
INFO: [ app_end ] --START--
INFO: Run Behavior\ShowPageTrace [ RunTime:0.001000s ]
INFO: [ app_end ] --END-- [ RunTime:0.001000s ]

[ 2017-05-07T10:11:35+08:00 ] 127.0.0.1 /index.php?s=/Home/Notice/detail/id/2.html
SQL: SHOW COLUMNS FROM `onethink_document` [ RunTime:0.014001s ]
SQL: SELECT m.nickname,a.content,d.* FROM onethink_document d INNER JOIN onethink_member as m on m.uid=d.uid left join onethink_document_article as a on a.id=d.id  WHERE ( d.id=2 ) LIMIT 1   [ RunTime:0.053003s ]
INFO: [ view_parse ] --START--
INFO: [ template_filter ] --START--
INFO: Run Behavior\ContentReplace [ RunTime:0.001000s ]
INFO: [ template_filter ] --END-- [ RunTime:0.001000s ]
INFO: Run Behavior\ParseTemplate [ RunTime:0.043003s ]
INFO: [ view_parse ] --END-- [ RunTime:0.043003s ]
INFO: [ view_filter ] --START--
INFO: Run Behavior\WriteHtmlCache [ RunTime:0.002000s ]
INFO: [ view_filter ] --END-- [ RunTime:0.002000s ]
INFO: [ app_end ] --START--
INFO: Run Behavior\ShowPageTrace [ RunTime:0.002000s ]
INFO: [ app_end ] --END-- [ RunTime:0.002000s ]

[ 2017-05-07T10:15:16+08:00 ] 127.0.0.1 /index.php?s=/Home/Center/index.html
INFO: [ view_parse ] --START--
INFO: [ template_filter ] --START--
INFO: Run Behavior\ContentReplace [ RunTime:0.000000s ]
INFO: [ template_filter ] --END-- [ RunTime:0.000000s ]
INFO: Run Behavior\ParseTemplate [ RunTime:0.022001s ]
INFO: [ view_parse ] --END-- [ RunTime:0.022001s ]
INFO: [ view_filter ] --START--
INFO: Run Behavior\WriteHtmlCache [ RunTime:0.001000s ]
INFO: [ view_filter ] --END-- [ RunTime:0.001000s ]
INFO: [ app_end ] --START--
INFO: Run Behavior\ShowPageTrace [ RunTime:0.001000s ]
INFO: [ app_end ] --END-- [ RunTime:0.001000s ]

[ 2017-05-07T10:16:00+08:00 ] 127.0.0.1 /index.php?s=/Home/Mine/index.html
SQL: SHOW COLUMNS FROM `onethink_member` [ RunTime:0.013001s ]
INFO: [ view_parse ] --START--
INFO: [ template_filter ] --START--
INFO: Run Behavior\ContentReplace [ RunTime:0.000000s ]
INFO: [ template_filter ] --END-- [ RunTime:0.000000s ]
INFO: Run Behavior\ParseTemplate [ RunTime:0.010001s ]
INFO: [ view_parse ] --END-- [ RunTime:0.010001s ]
INFO: [ view_filter ] --START--
INFO: Run Behavior\WriteHtmlCache [ RunTime:0.000000s ]
INFO: [ view_filter ] --END-- [ RunTime:0.000000s ]
INFO: [ app_end ] --START--
INFO: Run Behavior\ShowPageTrace [ RunTime:0.001000s ]
INFO: [ app_end ] --END-- [ RunTime:0.001000s ]

[ 2017-05-07T10:17:35+08:00 ] 127.0.0.1 /index.php?s=/Home/Mine/index.html
SQL: SHOW COLUMNS FROM `onethink_member` [ RunTime:0.013001s ]
INFO: [ view_parse ] --START--
INFO: [ template_filter ] --START--
INFO: Run Behavior\ContentReplace [ RunTime:0.000000s ]
INFO: [ template_filter ] --END-- [ RunTime:0.000000s ]
INFO: Run Behavior\ParseTemplate [ RunTime:0.009001s ]
INFO: [ view_parse ] --END-- [ RunTime:0.009001s ]
INFO: [ view_filter ] --START--
INFO: Run Behavior\WriteHtmlCache [ RunTime:0.001000s ]
INFO: [ view_filter ] --END-- [ RunTime:0.001000s ]
INFO: [ app_end ] --START--
INFO: Run Behavior\ShowPageTrace [ RunTime:0.000000s ]
INFO: [ app_end ] --END-- [ RunTime:0.000000s ]

[ 2017-05-07T10:18:49+08:00 ] 127.0.0.1 /index.php?s=/Home/Mine/index.html
SQL: SHOW COLUMNS FROM `onethink_member` [ RunTime:0.015001s ]
INFO: [ view_parse ] --START--
INFO: [ template_filter ] --START--
INFO: Run Behavior\ContentReplace [ RunTime:0.000000s ]
INFO: [ template_filter ] --END-- [ RunTime:0.000000s ]
INFO: Run Behavior\ParseTemplate [ RunTime:0.012001s ]
INFO: [ view_parse ] --END-- [ RunTime:0.012001s ]
INFO: [ view_filter ] --START--
INFO: Run Behavior\WriteHtmlCache [ RunTime:0.000000s ]
INFO: [ view_filter ] --END-- [ RunTime:0.001000s ]
INFO: [ app_end ] --START--
INFO: Run Behavior\ShowPageTrace [ RunTime:0.000000s ]
INFO: [ app_end ] --END-- [ RunTime:0.000000s ]

[ 2017-05-07T10:18:51+08:00 ] 127.0.0.1 /index.php?s=/Home/Mine/score.html
INFO: [ app_end ] --START--
INFO: Run Behavior\ShowPageTrace [ RunTime:0.001000s ]
INFO: [ app_end ] --END-- [ RunTime:0.001000s ]

[ 2017-05-07T10:19:36+08:00 ] 127.0.0.1 /index.php?s=/Home/Mine/score.html
INFO: [ app_end ] --START--
INFO: Run Behavior\ShowPageTrace [ RunTime:0.001000s ]
INFO: [ app_end ] --END-- [ RunTime:0.002000s ]

[ 2017-05-07T10:19:37+08:00 ] 127.0.0.1 /index.php?s=/Home/Mine/score.html
INFO: [ app_end ] --START--
INFO: Run Behavior\ShowPageTrace [ RunTime:0.001000s ]
INFO: [ app_end ] --END-- [ RunTime:0.001000s ]

[ 2017-05-07T10:19:37+08:00 ] 127.0.0.1 /index.php?s=/Home/Mine/score.html
INFO: [ app_end ] --START--
INFO: Run Behavior\ShowPageTrace [ RunTime:0.001000s ]
INFO: [ app_end ] --END-- [ RunTime:0.001000s ]

[ 2017-05-07T10:19:37+08:00 ] 127.0.0.1 /index.php?s=/Home/Mine/score.html
INFO: [ app_end ] --START--
INFO: Run Behavior\ShowPageTrace [ RunTime:0.000000s ]
INFO: [ app_end ] --END-- [ RunTime:0.001000s ]

[ 2017-05-07T10:19:37+08:00 ] 127.0.0.1 /index.php?s=/Home/Mine/score.html
INFO: [ app_end ] --START--
INFO: Run Behavior\ShowPageTrace [ RunTime:0.001001s ]
INFO: [ app_end ] --END-- [ RunTime:0.002001s ]

[ 2017-05-07T10:22:22+08:00 ] 127.0.0.1 /index.php?s=/Home/Mine/index.html
SQL: SHOW COLUMNS FROM `onethink_member` [ RunTime:0.023001s ]
INFO: [ view_parse ] --START--
INFO: [ template_filter ] --START--
INFO: Run Behavior\ContentReplace [ RunTime:0.000000s ]
INFO: [ template_filter ] --END-- [ RunTime:0.000000s ]
INFO: Run Behavior\ParseTemplate [ RunTime:0.021001s ]
INFO: [ view_parse ] --END-- [ RunTime:0.021001s ]
INFO: [ view_filter ] --START--
INFO: Run Behavior\WriteHtmlCache [ RunTime:0.001000s ]
INFO: [ view_filter ] --END-- [ RunTime:0.001000s ]
INFO: [ app_end ] --START--
INFO: Run Behavior\ShowPageTrace [ RunTime:0.001000s ]
INFO: [ app_end ] --END-- [ RunTime:0.001000s ]

